<preferences><Ancestry><AutoLogin>false</AutoLogin><Domain>0</Domain><ClearOnAccept>true</ClearOnAccept></Ancestry><Forms><MAINFORM><Left>115</Left><Top>84</Top><Width>1591</Width><Height>881</Height><Max>false</Max><PersonSideWidth>513</PersonSideWidth></MAINFORM><PERSONVIEW><EditSideWidth>513</EditSideWidth><SideInfoBarHeight>383</SideInfoBarHeight></PERSONVIEW><SEARCHVIEW><SideWidth>335</SideWidth></SEARCHVIEW><TASKVIEW><EditSideWidth>400</EditSideWidth><FolderSideWidth>300</FolderSideWidth></TASKVIEW><SOURCEVIEW><EditSideWidth>897</EditSideWidth></SOURCEVIEW><MEDIAVIEW><EditSideWidth>345</EditSideWidth></MEDIAVIEW><ADDRESSVIEW><EditSideWidth>400</EditSideWidth></ADDRESSVIEW><PLACEVIEW><EditSideWidth>400</EditSideWidth></PLACEVIEW><EDITPANELS><EditCitationDisplayHeight>89</EditCitationDisplayHeight><EditFactDisplayHeight>68</EditFactDisplayHeight><SourceListHeight>283</SourceListHeight><MediaListHeight>251</MediaListHeight><TaskListHeight>251</TaskListHeight><AddressListHeight>211</AddressListHeight><WitnessListHeight>235</WitnessListHeight></EDITPANELS><EDITSCREEN><Width>1223</Width><Height>929</Height><Max>false</Max><EditSideWidth>544</EditSideWidth><TaskInfoHeight>250</TaskInfoHeight><AddressInfoHeight>250</AddressInfoHeight><CitationInfoHeight>250</CitationInfoHeight><SharedInfoHeight>250</SharedInfoHeight><MediaInfoHeight>250</MediaInfoHeight></EDITSCREEN><REPORTSCREEN><Left>418</Left><Top>41</Top><Width>1270</Width><Height>900</Height><Max>false</Max><EditSideWidth>400</EditSideWidth></REPORTSCREEN><ADDPERSON><Width>1134</Width><Height>803</Height><Max>false</Max></ADDPERSON><ADDSOURCE><Width>1294</Width><Height>727</Height><Max>false</Max></ADDSOURCE><EDITIMAGE><Width>1306</Width><Height>784</Height><Max>false</Max></EDITIMAGE><ADDMEDIA><Width>1143</Width><Height>780</Height><Max>false</Max></ADDMEDIA></Forms><RecentFiles><string>C:\Users\rotter\Documents\Genealogy\Genealogy SW\RootsMagic\RM 8 Test\Otter-Saito v8.0.0.0.rmtree</string><string>C:\Users\rotter\Documents\Genealogy\Genealogy SW\RootsMagic\RM 8 Test\Otter-Saito v400.rmtree</string><string>C:\Users\rotter\Documents\Genealogy\Genealogy SW\RootsMagic\RM 8 Test\Otter-Saito v385.rmtree</string><string>C:\Users\rotter\Documents\Genealogy\Genealogy SW\RootsMagic\RM 8 Test\remove BOM test Otter-Saito v380 - Copy.rmtree</string><string>C:\Users\rotter\Documents\Genealogy\Genealogy SW\RootsMagic\RM 8 Test\test Otter-Saito v380.rmtree</string><string>C:\Users\rotter\Documents\Genealogy\Genealogy SW\RootsMagic\RM 8 Test\TMG IMPORT GENEDB__ v380.rmtree</string><string>C:\Users\rotter\Documents\Genealogy\Genealogy SW\RootsMagic\RM 8 Test\Otter-Saito v7.9.350.0.rmtree</string><string>C:\Users\rotter\Documents\Genealogy\Genealogy SW\RootsMagic\RM 8 Test\TMG import v350 .rmtree</string></RecentFiles><RecentFolders><string>C:\Users\rotter\Documents\Genealogy\Genealogy SW\RootsMagic\RM 8 Test\</string><string>C:\Users\rotter\Documents\Genealogy\GeneDB\</string><string>C:\Users\rotter\Documents\Genealogy\GeneDB\Database\</string><string>C:\Users\rotter\Documents\Genealogy\GeneDB\misc DB\</string><string>C:\Users\rotter\Documents\Genealogy\Genealogy SW\RootsMagic\RM 8 Test\media\</string><string>C:\Users\rotter\Documents\Genealogy\Exchange submissions\Tansfers\2014-08 new\testImport\</string></RecentFolders><ReadNewsIDs><string>RSS202012182141</string><string>RSS202101010111</string><string>RSS202102241732</string><string>RSS202109302044</string></ReadNewsIDs><LastFilename>C:\Users\rotter\Documents\Genealogy\Genealogy SW\RootsMagic\RM 8 Test\Otter-Saito v8.0.0.0.rmtree</LastFilename><General><LastOpen>false</LastOpen><AskForBackup>true</AskForBackup><CheckDuplicates>true</CheckDuplicates><Comma>true</Comma><AddDateToBackup>true</AddDateToBackup><CountyCheck>true</CountyCheck><DateEntry>0</DateEntry><Units>0</Units><Workflow2>false</Workflow2><OpeningFile>false</OpeningFile></General><Media><BuildThumbnails>true</BuildThumbnails></Media><Spell><LiveSpellCheck>true</LiveSpellCheck></Spell><Editor><PlainTextPaste>false</PlainTextPaste></Editor><Reports><IconView>true</IconView><PageHeight>792</PageHeight><PageWidth>612</PageWidth></Reports><Screen><BkType8>0</BkType8><BkColor>#D3D3D3</BkColor><HiContrastBar>false</HiContrastBar><SideViewPos>1</SideViewPos><SearchCriteriaPos>1</SearchCriteriaPos><SideMenuCollapsed>false</SideMenuCollapsed><Theme8>0</Theme8><FontScaling>100</FontScaling></Screen><FamilySearch><AutoLogin>false</AutoLogin></FamilySearch><Folders><DataFiles>C:\Users\rotter\Documents\Genealogy\Genealogy SW\RootsMagic\RM 8 Test</DataFiles><Backup>C:\Users\rotter\Documents\Genealogy\Genealogy SW\RootsMagic\RM 8 Test\BU</Backup><GEDCOM>C:\Users\rotter\Documents\Genealogy\Genealogy SW\RootsMagic\RM 8 Test\out</GEDCOM><Media>C:\Users\rotter\Documents\Genealogy\Genealogy SW\RootsMagic\RM 8 Test\media</Media><Printout>C:\Users\rotter\Documents\Genealogy\Genealogy SW\RootsMagic\RM 8 Test\rep</Printout></Folders></preferences>